<?xml version="1.0" encoding="UTF-8"?>
<!-- Generated by org.testng.reporters.JUnitReportReporter -->
<testsuite hostname="TYSS-Sumanth-Chinivar" failures="0" tests="1" name="exploreMusicPlayer.ExploreMusicPlayer" time="89.706" errors="0" timestamp="2024-05-11T14:40:39 IST" skipped="0">
  <testcase classname="exploreMusicPlayer.ExploreMusicPlayer" name="exploreMusicPlayer" time="89.706"/>
</testsuite> <!-- exploreMusicPlayer.ExploreMusicPlayer -->
