<?xml version="1.0" encoding="UTF-8"?>
<!-- Generated by org.testng.reporters.JUnitReportReporter -->
<testsuite hostname="TYSS-Sumanth-Chinivar" failures="0" tests="1" name="exploreMusicPlayer.ExploreMusicPlayer" time="50.140" errors="0" timestamp="2023-08-15T00:01:31 IST" skipped="0">
  <testcase classname="exploreMusicPlayer.ExploreMusicPlayer" name="exploreMusicPlayer" time="50.140"/>
  <system-out/>
</testsuite> <!-- exploreMusicPlayer.ExploreMusicPlayer -->
